<?xml version="1.0" encoding="UTF-8"?>
<!-- Generated by org.testng.reporters.JUnitXMLReporter -->
<testsuite ignored="0" hostname="DESKTOP-N7IGJPJ" failures="0" tests="3" name="Default test" time="10.626" errors="0" timestamp="2022-03-15T18:09:21 IST">
  <testcase classname="ReqRes_TestCase.TC_003_PostCreateUsers" name="checkResponseBody" time="0.088"/>
  <testcase classname="ReqRes_TestCase.TC_003_PostCreateUsers" name="checkStatusCode" time="0.008"/>
  <testcase classname="ReqRes_TestCase.TC_003_PostCreateUsers" name="checkStatusLine" time="0.01"/>
</testsuite> <!-- Default test -->
