<?xml version="1.0" encoding="UTF-8"?>
<!-- Generated by org.testng.reporters.JUnitXMLReporter -->
<testsuite ignored="0" hostname="DESKTOP-N7IGJPJ" failures="0" tests="14" name="REQRESAPITesting" time="17.644" errors="0" timestamp="2022-03-16T10:01:36 IST">
  <testcase classname="ReqRes_TestCase.TC_001_GetAllUsers" name="checkContentType" time="0.029"/>
  <testcase classname="ReqRes_TestCase.TC_001_GetAllUsers" name="checkResponseBody" time="0.078"/>
  <testcase classname="ReqRes_TestCase.TC_001_GetAllUsers" name="checkResponseTime" time="0.015"/>
  <testcase classname="ReqRes_TestCase.TC_001_GetAllUsers" name="checkStatusCode" time="0.008"/>
  <testcase classname="ReqRes_TestCase.TC_001_GetAllUsers" name="checkStatusLine" time="0.006"/>
  <testcase classname="ReqRes_TestCase.TC_002_GetSingleUser" name="checkContentLength" time="0.006"/>
  <testcase classname="ReqRes_TestCase.TC_002_GetSingleUser" name="checkContentType" time="0.023"/>
  <testcase classname="ReqRes_TestCase.TC_002_GetSingleUser" name="checkResponseBody" time="0.01"/>
  <testcase classname="ReqRes_TestCase.TC_002_GetSingleUser" name="checkServerType" time="0.015"/>
  <testcase classname="ReqRes_TestCase.TC_002_GetSingleUser" name="checkStatusCode" time="0.01"/>
  <testcase classname="ReqRes_TestCase.TC_002_GetSingleUser" name="checkStatusLine" time="0.004"/>
  <testcase classname="ReqRes_TestCase.TC_003_PostCreateUsers" name="checkResponseBody" time="0.008"/>
  <testcase classname="ReqRes_TestCase.TC_003_PostCreateUsers" name="checkStatusCode" time="0.005"/>
  <testcase classname="ReqRes_TestCase.TC_003_PostCreateUsers" name="checkStatusLine" time="0.016"/>
</testsuite> <!-- REQRESAPITesting -->
